  Vehicle.cpp
C:\Users\piter\OneDrive\Escritorio\class\TPV1-Laboratorios\PRACTICA 1 Frogger 1.0\src\Vehicle.cpp(16,12): warning C4244: 'argumento': conversión de 'int' a 'T'; posible pérdida de datos
C:\Users\piter\OneDrive\Escritorio\class\TPV1-Laboratorios\PRACTICA 1 Frogger 1.0\src\Vehicle.cpp(16,12): warning C4244:         with
C:\Users\piter\OneDrive\Escritorio\class\TPV1-Laboratorios\PRACTICA 1 Frogger 1.0\src\Vehicle.cpp(16,12): warning C4244:         [
C:\Users\piter\OneDrive\Escritorio\class\TPV1-Laboratorios\PRACTICA 1 Frogger 1.0\src\Vehicle.cpp(16,12): warning C4244:             T=float
C:\Users\piter\OneDrive\Escritorio\class\TPV1-Laboratorios\PRACTICA 1 Frogger 1.0\src\Vehicle.cpp(16,12): warning C4244:         ]
C:\Users\piter\OneDrive\Escritorio\class\TPV1-Laboratorios\PRACTICA 1 Frogger 1.0\src\Vehicle.cpp(60,24): warning C4244: 'argumento': conversión de 'T' a 'T'; posible pérdida de datos
C:\Users\piter\OneDrive\Escritorio\class\TPV1-Laboratorios\PRACTICA 1 Frogger 1.0\src\Vehicle.cpp(60,24): warning C4244:         with
C:\Users\piter\OneDrive\Escritorio\class\TPV1-Laboratorios\PRACTICA 1 Frogger 1.0\src\Vehicle.cpp(60,24): warning C4244:         [
C:\Users\piter\OneDrive\Escritorio\class\TPV1-Laboratorios\PRACTICA 1 Frogger 1.0\src\Vehicle.cpp(60,24): warning C4244:             T=float
C:\Users\piter\OneDrive\Escritorio\class\TPV1-Laboratorios\PRACTICA 1 Frogger 1.0\src\Vehicle.cpp(60,24): warning C4244:         ]
C:\Users\piter\OneDrive\Escritorio\class\TPV1-Laboratorios\PRACTICA 1 Frogger 1.0\src\Vehicle.cpp(60,24): warning C4244:         and
C:\Users\piter\OneDrive\Escritorio\class\TPV1-Laboratorios\PRACTICA 1 Frogger 1.0\src\Vehicle.cpp(60,24): warning C4244:         [
C:\Users\piter\OneDrive\Escritorio\class\TPV1-Laboratorios\PRACTICA 1 Frogger 1.0\src\Vehicle.cpp(60,24): warning C4244:             T=int
C:\Users\piter\OneDrive\Escritorio\class\TPV1-Laboratorios\PRACTICA 1 Frogger 1.0\src\Vehicle.cpp(60,24): warning C4244:         ]
C:\Users\piter\OneDrive\Escritorio\class\TPV1-Laboratorios\PRACTICA 1 Frogger 1.0\src\Vehicle.cpp(79,21): warning C4244: '=': conversión de 'T' a 'float'; posible pérdida de datos
C:\Users\piter\OneDrive\Escritorio\class\TPV1-Laboratorios\PRACTICA 1 Frogger 1.0\src\Vehicle.cpp(79,21): warning C4244:         with
C:\Users\piter\OneDrive\Escritorio\class\TPV1-Laboratorios\PRACTICA 1 Frogger 1.0\src\Vehicle.cpp(79,21): warning C4244:         [
C:\Users\piter\OneDrive\Escritorio\class\TPV1-Laboratorios\PRACTICA 1 Frogger 1.0\src\Vehicle.cpp(79,21): warning C4244:             T=int
C:\Users\piter\OneDrive\Escritorio\class\TPV1-Laboratorios\PRACTICA 1 Frogger 1.0\src\Vehicle.cpp(79,21): warning C4244:         ]
C:\Users\piter\OneDrive\Escritorio\class\TPV1-Laboratorios\PRACTICA 1 Frogger 1.0\src\Vehicle.cpp(80,21): warning C4244: '=': conversión de 'T' a 'float'; posible pérdida de datos
C:\Users\piter\OneDrive\Escritorio\class\TPV1-Laboratorios\PRACTICA 1 Frogger 1.0\src\Vehicle.cpp(80,21): warning C4244:         with
C:\Users\piter\OneDrive\Escritorio\class\TPV1-Laboratorios\PRACTICA 1 Frogger 1.0\src\Vehicle.cpp(80,21): warning C4244:         [
C:\Users\piter\OneDrive\Escritorio\class\TPV1-Laboratorios\PRACTICA 1 Frogger 1.0\src\Vehicle.cpp(80,21): warning C4244:             T=int
C:\Users\piter\OneDrive\Escritorio\class\TPV1-Laboratorios\PRACTICA 1 Frogger 1.0\src\Vehicle.cpp(80,21): warning C4244:         ]
C:\Users\piter\OneDrive\Escritorio\class\TPV1-Laboratorios\PRACTICA 1 Frogger 1.0\src\Vehicle.cpp(81,31): warning C4244: '=': conversión de 'int' a 'float'; posible pérdida de datos
C:\Users\piter\OneDrive\Escritorio\class\TPV1-Laboratorios\PRACTICA 1 Frogger 1.0\src\Vehicle.cpp(82,32): warning C4244: '=': conversión de 'int' a 'float'; posible pérdida de datos
  src.vcxproj -> C:\Users\piter\OneDrive\Escritorio\class\TPV1-Laboratorios\PRACTICA 1 Frogger 1.0\bin\srcDebug.exe
