c:\users\usuario\music\tpv1-laboratorios\practica 1 frogger 1.0\src\x64\debug\main.obj
c:\users\usuario\music\tpv1-laboratorios\practica 1 frogger 1.0\src\x64\debug\wasp.obj
c:\users\usuario\music\tpv1-laboratorios\practica 1 frogger 1.0\src\x64\debug\game.obj
c:\users\usuario\music\tpv1-laboratorios\practica 1 frogger 1.0\src\x64\debug\frog.obj
c:\users\usuario\music\tpv1-laboratorios\practica 1 frogger 1.0\src\x64\debug\texture.obj
c:\users\usuario\music\tpv1-laboratorios\practica 1 frogger 1.0\src\x64\debug\vehicle.obj
c:\users\usuario\music\tpv1-laboratorios\practica 1 frogger 1.0\src\x64\debug\log.obj
c:\users\usuario\music\tpv1-laboratorios\practica 1 frogger 1.0\src\x64\debug\homedfrog.obj
c:\users\usuario\music\tpv1-laboratorios\practica 1 frogger 1.0\src\x64\debug\vc143.pdb
c:\users\usuario\music\tpv1-laboratorios\practica 1 frogger 1.0\bin\srcdebug.exe
c:\users\usuario\music\tpv1-laboratorios\practica 1 frogger 1.0\bin\srcdebug.pdb
c:\users\usuario\music\tpv1-laboratorios\practica 1 frogger 1.0\src\x64\debug\srcdebug.ilk
c:\users\usuario\music\tpv1-laboratorios\practica 1 frogger 1.0\src\x64\debug\vc143.idb
c:\users\usuario\music\tpv1-laboratorios\practica 1 frogger 1.0\src\x64\debug\src.tlog\cl.11372.write.1.tlog
c:\users\usuario\music\tpv1-laboratorios\practica 1 frogger 1.0\src\x64\debug\src.tlog\cl.command.1.tlog
c:\users\usuario\music\tpv1-laboratorios\practica 1 frogger 1.0\src\x64\debug\src.tlog\cl.items.tlog
c:\users\usuario\music\tpv1-laboratorios\practica 1 frogger 1.0\src\x64\debug\src.tlog\cl.read.1.tlog
c:\users\usuario\music\tpv1-laboratorios\practica 1 frogger 1.0\src\x64\debug\src.tlog\link.command.1.tlog
c:\users\usuario\music\tpv1-laboratorios\practica 1 frogger 1.0\src\x64\debug\src.tlog\link.read.1.tlog
c:\users\usuario\music\tpv1-laboratorios\practica 1 frogger 1.0\src\x64\debug\src.tlog\link.secondary.1.tlog
c:\users\usuario\music\tpv1-laboratorios\practica 1 frogger 1.0\src\x64\debug\src.tlog\link.write.1.tlog
